1560656216308	mozrunner::runner	INFO	Running command: "C:\\Program Files\\Mozilla Firefox\\firefox.exe" "-marionette" "-foreground" "-no-remote" "-profile" "C:\\Users\\Me\\AppData\\Local\\Temp\\rust_mozprofile.greOIMEpY41T"
1560656217215	addons.webextension.screenshots@mozilla.org	WARN	Loading extension 'screenshots@mozilla.org': Reading manifest: Invalid host permission: resource://pdf.js/
1560656217215	addons.webextension.screenshots@mozilla.org	WARN	Loading extension 'screenshots@mozilla.org': Reading manifest: Invalid host permission: about:reader*
1560656219045	Marionette	INFO	Listening on port 12915
1560656219158	Marionette	WARN	TLS certificate errors will be ignored for this session
[Parent 15616, Gecko_IOThread] WARNING: pipe error: 109: file z:/build/build/src/ipc/chromium/src/chrome/common/ipc_channel_win.cc, line 346
[Child 24064, Chrome_ChildThread] WARNING: pipe error: 109: file z:/build/build/src/ipc/chromium/src/chrome/common/ipc_channel_win.cc, line 346
[Child 24064, Chrome_ChildThread] WARNING: pipe error: 109: fi[Child 14384, Chrome_ChildThread] WARNING: pipe error: 109: file z:/build/build/src/ipc/chromium/src/chrome/common/ipc_channel_win.cc, line 346
[Child 14384, C[Parent 15616, Gecko_IOThread] WARNING: pipe error: 109: file z:/build/build/src/ipc/chromium/src/chrome/common/ipc_channel_win.cc, line 346
[Child 21756, Chrome_ChildThread] WARNING: pipe error: 109: file z:/build/build/src/ipc/chromium/src/chrome/common/ipc_channel_win.cc, line 346
[Child 2171560656231801	Marionette	INFO	Stopped listening on port 12915
[GPU 2
###!!! [Child][RunMessage] Error: Channel closing: too late to send/recv, messages will be lost

0
###!!! [Child][MessageChannel::SendAndWait] Error: Channel error: cannot send/recv

1560656499648	mozrunner::runner	INFO	Running command: "C:\\Program Files\\Mozilla Firefox\\firefox.exe" "-marionette" "-foreground" "-no-remote" "-profile" "C:\\Users\\Me\\AppData\\Local\\Temp\\rust_mozprofile.qnL7Nq8WD73G"
1560656500021	addons.webextension.screenshots@mozilla.org	WARN	Loading extension 'screenshots@mozilla.org': Reading manifest: Invalid host permission: resource://pdf.js/
1560656500021	addons.webextension.screenshots@mozilla.org	WARN	Loading extension 'screenshots@mozilla.org': Reading manifest: Invalid host permission: about:reader*
1560656501514	Marionette	INFO	Listening on port 13010
1560656501773	Marionette	WARN	TLS certificate errors will be ignored for this session
JavaScript error: https://protonmail.com/js/site.js?rel=b2dd612df5, line 7: ReferenceError: RTWidget is not defined
[Child 5232, Chrome_ChildThread] WARNING: pipe error: 109: file z:/build/build/src/ipc/chromium/src/chrome/common/ipc_channel_win.cc, line 346
[Child 5232, Chrome_ChildThread] WARNING: pipe error: 109: fi[Child 6848, Chrome_ChildThread] WARNING: pipe error: 109: file z:/build/build/src/ipc/chromium/src/chrome/common/ipc_channel_win.cc, line 346
[Child 6848, Chrome_ChildThread] WARNING: pipe error: 109: file z:/build/build/src/ipc/chromium/src/chrome/[Parent 17020, Gecko_IOThread] WARNING: pipe error: 109: file z:/build/build/src/ipc/chromium/src/chrome/common/ipc_channel_win.cc, line 346
[Child 748, Chrome_ChildThread] WARNING: pipe error: 109: file z:/build/build/src/ipc/chromium/src/chrome/common/ipc_channel_win.cc, line 346
[Child 748, Chrome_1560656513114	Marionette	INFO	Stopped listening on port 13010
[GPU 1365
###!!! [Child][MessageChannel::SendAndWait] Error: Channel error: cannot send/recv

1560656557299	mozrunner::runner	INFO	Running command: "C:\\Program Files\\Mozilla Firefox\\firefox.exe" "-marionette" "-foreground" "-no-remote" "-profile" "C:\\Users\\Me\\AppData\\Local\\Temp\\rust_mozprofile.zbiCYJplJjWa"
1560656557689	addons.webextension.screenshots@mozilla.org	WARN	Loading extension 'screenshots@mozilla.org': Reading manifest: Invalid host permission: resource://pdf.js/
1560656557690	addons.webextension.screenshots@mozilla.org	WARN	Loading extension 'screenshots@mozilla.org': Reading manifest: Invalid host permission: about:reader*
1560656559158	Marionette	INFO	Listening on port 13060
1560656559420	Marionette	WARN	TLS certificate errors will be ignored for this session
JavaScript warning: https://mail.protonmail.com/9.83156b12bb.chunk.js, line 0: Successfully compiled asm.js code (total compilation time 14ms; stored in cache)
JavaScript warning: blob:https://mail.protonmail.com/0a4ef448-09b7-4c10-96fb-f4a978341555, line 0: Successfully compiled asm.js code (total compilation time 2ms; not stored in cache (too small to benefit))
JavaScript warning: blob:https://mail.protonmail.com/0a4ef448-09b7-4c10-96fb-f4a978341555, line 0: Successfully compiled asm.js code (total compilation time 6ms; stored in cache)
JavaScript warning: blob:https://mail.protonmail.com/0a4ef448-09b7-4c10-96fb-f4a978341555, line 0: Successfully compiled asm.js code (total compilation time 40ms; stored in cache)
JavaScript warning: https://mail.protonmail.com/api/challenge/js?Type=0, line 0: Successfully compiled asm.js code (total compilation time 2ms; not stored in cache (too small to benefit))
JavaScript warning: https://mail.protonmail.com/api/challenge/js?Type=1, line 0: Successfully compiled asm.js code (total compilation time 2ms; not stored in cache (too small to benefit))
IPDL protocol error: Handler returned error code!

###!!! [Parent][DispatchAsyncMessage] Error: PAPZCTreeManager::Msg_SetTargetAPZC Processing error: message was deserialized, but the handler returned false (indicating failure)

console.error: BroadcastService: 
  receivedBroadcastMessage: handler for
  remote-settings/monitor_changes
  threw error:
  Message: Error: Polling for changes failed: NetworkError when attempting to fetch resource..
  Stack:
    remoteSettingsFunction/remoteSettings.pollChanges@resource://services-settings/remote-settings.js:750:13

[Parent 10664, Gecko_IOThread] WARNING: pipe error: 109: file z:/build/build/src/ipc/chromium/src/chrome/common/ipc_channel_win.cc, line 346
[Child 17344, Chrome_ChildThread] WARNING: pipe error: 109: file z:/build/build/src/ipc/chromium/src/chrome/common/ipc_channel_win.cc, line 346
[Child 17344, Chrome_ChildThread] WARNING: [Parent 10664, Gecko_IOThread] WARNING: pipe error: 109: file z:/build/build/src/ipc/chromium/src/chrome/common/ipc_channel_win.cc, line 346
[Child 20148, Chrome_ChildThread] WARNING: pipe error: 109: file z:/build/build/src/ipc/chromium/src/chrome/common/ipc_channel_win.cc, line 346
[Child 20148, Chr[Parent 10664, Gecko_IOThread] WARNING: pipe error: 109: file z:/build/build/src/ipc/chromium/src/chrome/common/ipc_channel_win.cc, line 346
[Child 16652, Chrome_ChildThread] WARNING: pipe error: 109: file z:/build/build/src/ipc/chromium/src/chrome/common/ipc_channel_win.cc, line 346
[Child 16652, Chrom1560658999462	Marionette	INFO	Stopped listening on port 13060

###!!! [Child][RunMessage] Error: Channel closing: too late to send/recv, messages will be lost

[GPU 14632, C
###!!! [Child][MessageChannel::SendAndWait] Error: Channel error: cannot send/recv

